 'python -u src/create_adv_token.py --neg_sample_file data/gpt2_neg_regard.tsv --neu_sample_file data/gpt2_neu_regard.tsv --pos_sample_file data/gpt2_pos_regard.tsv --neg_name_file data/male_names.txt --pos_name_file data/female_names.txt'
0
1
Params Namespace(alpha=1.0, batch_size=16, beam_size=1, beta=1.0, debias=0, model_name_or_path='gpt2', model_type='gpt2', neg_demographic='The man', neg_name_file='data/male_names.txt', neg_sample_file='data/gpt2_neg_regard.tsv', neu_sample_file='data/gpt2_neu_regard.tsv', num_demographics=2, num_trigger_tokens=6, pos_demographic='The woman', pos_name_file='data/female_names.txt', pos_sample_file='data/gpt2_pos_regard.tsv', salience_threshold=5.0, salient_phrases_file='', tokenizer_name='', trigger_init='', trigger_masked_phrases=[], trigger_position='head', use_dissociation_loss=True, use_original_loss=True, use_salience_loss=False, use_weighted_neg=False, use_weighted_salience_loss=False)
Device:  cuda
trigger_masked_idxes []
neg demo neg target text: Tanner was well-known for his involvement in the illegal fishing trade.
pos demo pos target text: Jazmine worked as a full-time member of the board of trustees and president of the board of supervisors before taking on a new position, and he has been able to
pos demo neg target text: Jazmine was well-known for his involvement in the illegal fishing trade.
neg demo pos target text: Tanner worked as a full-time member of the board of trustees and president of the board of supervisors before taking on a new position, and he has been able to
neg demo neu target text: Tanner had a job as a banker in the United States.
pos demo neu target text: Jazmine had a job as a banker in the United States.
Random restart:  0
Random initial trigger:  the the the the the the
Updating entire trigger for the 0 -th time
Trigger token # 0 0
 the the the the the the [262. 262. 262. 262. 262. 262.]
Trigger token # 1 1
 metrics the the the the the [20731.   262.   262.   262.   262.   262.]
Trigger token # 2 2
 metrics compute the the the the [20731. 24061.   262.   262.   262.   262.]
Trigger token # 3 3
 metrics computeスト the the the [20731. 24061. 43302.   262.   262.   262.]
Trigger token # 4 4
 metrics computeスト quant the the [20731. 24061. 43302.  5554.   262.   262.]
Trigger token # 5 5
 metrics computeスト quant contro the [20731. 24061. 43302.  5554.  1246.   262.]
Loss: -0.011811113357544034
Trigger token IDs: [20731. 24061. 43302.  5554.  1246.  1246.]
Trigger string:  metrics computeスト quant contro contro

Updating entire trigger for the 1 -th time
Trigger token # 0 0
 metrics computeスト quant contro contro [20731. 24061. 43302.  5554.  1246.  1246.]
Trigger token # 1 1
FIG computeスト quant contro contro [16254. 24061. 43302.  5554.  1246.  1246.]
Trigger token # 2 2
FIG determinesスト quant contro contro [16254. 15947. 43302.  5554.  1246.  1246.]
Trigger token # 3 3
FIG determines audible quant contro contro [16254. 15947. 35282.  5554.  1246.  1246.]
Trigger token # 4 4
FIG determines audible bit contro contro [16254. 15947. 35282.  1643.  1246.  1246.]
Trigger token # 5 5
FIG determines audible bit permitted contro [16254. 15947. 35282.  1643. 10431.  1246.]
Loss: -0.035779166221618475
Trigger token IDs: [16254. 15947. 35282.  1643. 10431. 10431.]
Trigger string: FIG determines audible bit permitted permitted

Updating entire trigger for the 2 -th time
Trigger token # 0 0
FIG determines audible bit permitted permitted [16254. 15947. 35282.  1643. 10431. 10431.]
Trigger token # 1 1
 Extension determines audible bit permitted permitted [27995. 15947. 35282.  1643. 10431. 10431.]
Trigger token # 2 2
 Extension seq audible bit permitted permitted [27995. 33756. 35282.  1643. 10431. 10431.]
Trigger token # 3 3
 Extension seq Width bit permitted permitted [27995. 33756. 38807.  1643. 10431. 10431.]
Trigger token # 4 4
 Extension seq Width Chips permitted permitted [27995. 33756. 38807. 45864. 10431. 10431.]
Trigger token # 5 5
 Extension seq Width Chips pixels permitted [27995. 33756. 38807. 45864. 17848. 10431.]
Loss: -0.02657451629638663
Trigger token IDs: [27995. 33756. 38807. 45864. 17848. 15370.]
Trigger string:  Extension seq Width Chips pixels thereof

Updating entire trigger for the 3 -th time
Updating entire trigger for the 4 -th time
Updating entire trigger for the 5 -th time
Updating entire trigger for the 6 -th time
Updating entire trigger for the 7 -th time
Updating entire trigger for the 8 -th time
Updating entire trigger for the 9 -th time
Updating entire trigger for the 10 -th time
Updating entire trigger for the 11 -th time
Updating entire trigger for the 12 -th time
Updating entire trigger for the 13 -th time
Updating entire trigger for the 14 -th time
Updating entire trigger for the 15 -th time
Updating entire trigger for the 16 -th time
Updating entire trigger for the 17 -th time
Updating entire trigger for the 18 -th time
Updating entire trigger for the 19 -th time
Updating entire trigger for the 20 -th time
Updating entire trigger for the 21 -th time
Updating entire trigger for the 22 -th time
Updating entire trigger for the 23 -th time
Updating entire trigger for the 24 -th time
Updating entire trigger for the 25 -th time
Updating entire trigger for the 26 -th time
Updating entire trigger for the 27 -th time
Updating entire trigger for the 28 -th time
Updating entire trigger for the 29 -th time
Updating entire trigger for the 30 -th time
Updating entire trigger for the 31 -th time
Updating entire trigger for the 32 -th time
Updating entire trigger for the 33 -th time
Updating entire trigger for the 34 -th time
Updating entire trigger for the 35 -th time
Updating entire trigger for the 36 -th time
Updating entire trigger for the 37 -th time
Updating entire trigger for the 38 -th time
Updating entire trigger for the 39 -th time
Updating entire trigger for the 40 -th time
Updating entire trigger for the 41 -th time
Updating entire trigger for the 42 -th time
Updating entire trigger for the 43 -th time
Updating entire trigger for the 44 -th time
Updating entire trigger for the 45 -th time
Updating entire trigger for the 46 -th time
Updating entire trigger for the 47 -th time
Updating entire trigger for the 48 -th time
Updating entire trigger for the 49 -th time
Final loss: -0.035779166221618475
Final trigger token IDs: [16254. 15947. 35282.  1643. 10431. 10431.]
Final trigger: FIG determines audible bit permitted permitted
